Running: /opt/Xilinx/12.4/ISE_DS/ISE/bin/lin64/unwrapped/fuse -intstyle ise -incremental -lib unisims_ver -lib unimacro_ver -lib xilinxcorelib_ver -o /home/alper269707/CENG232 FPGA/Lab4/lab4_2/lab4_2_isim_beh.exe -prj /home/alper269707/CENG232 FPGA/Lab4/lab4_2/lab4_2_beh.prj work.lab4_2 work.glbl 
ISim M.81d (signature 0x9ca8bed6)
Number of CPUs detected in this system: 8
Turning on mult-threading, number of parallel sub-compilation jobs: 16 
Determining compilation order of HDL files
Analyzing Verilog file \"/home/alper269707/CENG232 FPGA/Lab4/lab4_2/lab4_2.v\" into library work
Analyzing Verilog file \"/opt/Xilinx/12.4/ISE_DS/ISE//verilog/src/glbl.v\" into library work
Starting static elaboration
Completed static elaboration
Fuse Memory Usage: 69740 KB
Fuse CPU Usage: 60 ms
Compiling module lab4_2
Compiling module glbl
Time Resolution for simulation is 1ps.
Waiting for 1 sub-compilation(s) to finish...
Compiled 2 Verilog Units
Built simulation executable /home/alper269707/CENG232 FPGA/Lab4/lab4_2/lab4_2_isim_beh.exe
Fuse Memory Usage: 1155564 KB
Fuse CPU Usage: 80 ms
GCC CPU Usage: 330 ms
